17:03:53:685 [ALWAYS]	GUDE Logging Started
17:03:53:685 [INFO]	SqliteResumeCache::SqliteResumeCache basedirectory is null/empty
17:03:53:685 [ERROR]	SqliteResumeCache::CreateSqliteResumeCache creating resume cache pointer failure
17:03:53:685 [ERROR]	Initialize resume cache pointer failure
17:03:53:685 [INFO]	gude policy POLICY_USER limit (2,2,1) chunk 2097152, chunking (UL 0 DL 1), resXfer 1, adapt 0, NSURL 0, timeout 86400 
17:03:53:685 [INFO]	Initialized -- gude-lib version: v0.12.1 app: gude
17:03:54:828 [WARN]	Ignoring attempt to reinit logging to \gude at level 4 retaining 3 days of logs
17:03:54:828 [INFO]	SqliteResumeCache::SqliteResumeCache basedirectory is null/empty
17:03:54:828 [ERROR]	SqliteResumeCache::CreateSqliteResumeCache creating resume cache pointer failure
17:03:54:828 [ERROR]	Initialize resume cache pointer failure
17:03:54:828 [INFO]	gude policy POLICY_USER limit (4,4,1) chunk 2097152, chunking (UL 0 DL 1), resXfer 1, adapt 0, NSURL 1, timeout 86400 
17:03:54:828 [INFO]	Initialized -- gude-lib version: v0.12.1 app: gude
17:04:05:630 [ALWAYS]	GUDE Logging Started
17:04:05:630 [INFO]	SqliteResumeCache::SqliteResumeCache basedirectory is null/empty
17:04:05:630 [ERROR]	SqliteResumeCache::CreateSqliteResumeCache creating resume cache pointer failure
17:04:05:630 [ERROR]	Initialize resume cache pointer failure
17:04:05:630 [INFO]	gude policy POLICY_USER limit (2,2,1) chunk 2097152, chunking (UL 0 DL 1), resXfer 1, adapt 0, NSURL 0, timeout 86400 
17:04:05:631 [INFO]	Initialized -- gude-lib version: v0.12.1 app: gude
17:04:06:711 [WARN]	Ignoring attempt to reinit logging to \gude at level 4 retaining 3 days of logs
17:04:06:711 [INFO]	SqliteResumeCache::SqliteResumeCache basedirectory is null/empty
17:04:06:711 [ERROR]	SqliteResumeCache::CreateSqliteResumeCache creating resume cache pointer failure
17:04:06:711 [ERROR]	Initialize resume cache pointer failure
17:04:06:712 [INFO]	gude policy POLICY_USER limit (4,4,1) chunk 2097152, chunking (UL 0 DL 1), resXfer 1, adapt 0, NSURL 1, timeout 86400 
17:04:06:712 [INFO]	Initialized -- gude-lib version: v0.12.1 app: gude
